Start pre-training generator...
    epoch:	0	nll:	0.8865787
    epoch:	5	nll:	0.46564665
    epoch:	10	nll:	0.4501449
    epoch:	15	nll:	0.4429575
    epoch:	20	nll:	0.44524395
    epoch:	25	nll:	0.4447224
    epoch:	30	nll:	0.44838881
    epoch:	35	nll:	0.44957718
    epoch:	40	nll:	0.44725636
    epoch:	45	nll:	0.46505156
    epoch:	0	nll:	0.801055
    epoch:	5	nll:	0.24049349
    epoch:	10	nll:	0.21231084
    epoch:	15	nll:	0.21145453
    epoch:	20	nll:	0.26561347
    epoch:	25	nll:	0.21200936
    epoch:	30	nll:	0.30833763
    epoch:	35	nll:	0.21228966
    epoch:	40	nll:	0.2128394
    epoch:	45	nll:	0.24378018
    epoch:	0	nll:	1.8460205
    epoch:	5	nll:	0.45354745
    epoch:	10	nll:	0.31540957
    epoch:	15	nll:	0.24511562
    epoch:	20	nll:	1.3864434
    epoch:	25	nll:	0.42850456
    epoch:	30	nll:	0.42510307
    epoch:	35	nll:	1.0383675
    epoch:	40	nll:	0.2581498
    epoch:	45	nll:	0.7453226
    epoch:	0	nll:	1.0690618
    epoch:	5	nll:	0.47624597
    epoch:	10	nll:	0.44663793
    epoch:	15	nll:	0.45128846
    epoch:	20	nll:	0.4440959
    epoch:	25	nll:	0.4710218
    epoch:	30	nll:	0.45128047
    epoch:	35	nll:	0.4866709
    epoch:	40	nll:	0.45186314
    epoch:	45	nll:	0.47033778
    epoch:	0	nll:	1.2620418
    epoch:	5	nll:	0.20500296
    epoch:	10	nll:	0.21305506
    epoch:	15	nll:	0.20243472
    epoch:	20	nll:	0.20170242
    epoch:	25	nll:	0.20918982
    epoch:	30	nll:	0.21480177
    epoch:	35	nll:	0.20214641
    epoch:	40	nll:	0.20135586
    epoch:	45	nll:	0.20510635
    epoch:	0	nll:	1.5333346
    epoch:	5	nll:	0.6314845
    epoch:	10	nll:	0.44535655
    epoch:	15	nll:	0.36001304
    epoch:	20	nll:	0.6917335
    epoch:	25	nll:	0.60191536
    epoch:	30	nll:	0.40872824
    epoch:	35	nll:	1.119419
    epoch:	40	nll:	0.6897575
    epoch:	45	nll:	0.5294044
Start pre-training discriminator...    discriminator loss 0.079751 acc 0.984375
    discriminator loss 0.012777 acc 1.000000
    discriminator loss 0.003650 acc 1.000000
    discriminator loss 0.001921 acc 1.000000
    discriminator loss 0.001459 acc 1.000000
    discriminator loss 0.001442 acc 1.000000
    discriminator loss 0.001331 acc 1.000000
    discriminator loss 0.001099 acc 1.000000
    discriminator loss 0.000996 acc 1.000000
    discriminator loss 0.000932 acc 1.000000
adversarial training...1
2 4 0 0 c b 0 0 2 0 4 8 0 0 0 1 0 0 0 0 0 0 0 0 6 8 1 b b 1 5 8 2
[5, 7, 3, 3, 15, 14, 3, 3, 5, 3, 7, 11, 3, 3, 3, 4, 3, 3, 3, 3, 3, 3, 3, 3, 9, 11, 4, 14, 14, 4, 8, 11, 5]
[8.8291998e-13 8.9672372e-13 1.2956525e-13 1.4391896e-13 2.7132723e-13
 2.0628101e-13 2.3573119e-13 5.7329559e-13 1.7410095e-13 9.9884131e-14
 1.6418468e-13 3.5144254e-13 3.3457791e-13 1.0572470e-12 1.7494784e-13
 2.2910501e-13 4.0077170e-13 2.0966970e-13 2.5605868e-13 4.2359849e-13
 2.6840520e-13 2.3605147e-13 3.8974431e-13 1.2970412e-13 2.2812470e-13
 1.7948944e-13 1.2131190e-13 4.6903860e-13 1.5221945e-13 1.4241177e-13
 3.7462560e-14 4.5754477e-14 5.7704221e-14]

[ 5  3  3  4  3  8  3  3  3  3  3  4  3  3  3  3  3  3  3  3  3  3  3  3
 11  3  6 18  3  5  6  8]
[6.2926303e-13 1.4641210e-10 4.7321107e-09 4.5989421e-10 4.4848175e-10
 3.6767993e-12 9.1451779e-09 1.4140161e-09 7.5295397e-09 2.6584068e-10
 9.9682245e-09 3.4970058e-09 5.3294816e-08 5.3094855e-08 1.7990464e-09
 3.4558230e-08 1.1449775e-08 5.1326232e-10 5.0692261e-10 1.1481300e-07
 1.0901323e-08 1.7543532e-07 4.5134378e-08 6.8027646e-08 2.9545948e-08
 7.7964643e-08 1.6921062e-11 3.9378174e-11 2.1305940e-10 1.0539226e-10
 4.2881955e-11 3.3507353e-11 9.9828523e-01]

2
2 a 0 0 1 4 5 0 4 0 1 1 0 0 4 d 0 0 0 0 0 0 0 0 0 0 0 0 0 0 1 6 0
[5, 13, 3, 3, 4, 7, 8, 3, 7, 3, 4, 4, 3, 3, 7, 16, 3, 3, 3, 3, 3, 3, 3, 3, 3, 3, 3, 3, 3, 3, 4, 9, 3]
[3.0465613e-11 6.2739015e-11 5.7576310e-10 5.1445143e-10 2.8252611e-12
 4.5640605e-12 2.5799512e-12 1.8431021e-11 3.6497012e-12 3.2516839e-12
 3.3497846e-12 1.0339756e-12 1.2846513e-12 1.2299084e-12 1.4575498e-12
 6.5978711e-13 7.6214274e-13 6.8536409e-13 1.0245493e-12 7.0769671e-13
 8.3480640e-13 7.3651865e-13 6.6731234e-13 6.4781888e-13 8.1832257e-13
 6.0990124e-13 6.9453904e-13 6.6198766e-13 8.2662842e-13 7.7294090e-13
 1.1247479e-12 7.3745616e-13 1.2713791e-12]

[ 5  3  3  4  3 10 18 17  3  3  3  3  3  3  3  3  3  3  3  3  3  3  3  3
  3  3  3  3  3  3  8  6]
[2.7268429e-10 1.6998405e-10 1.8595509e-11 2.5107198e-11 2.3800648e-10
 6.5381259e-12 1.4523840e-10 1.2719703e-10 1.2719703e-10 1.2719703e-10
 1.2719703e-10 1.2719703e-10 1.2719703e-10 1.2719703e-10 1.2719703e-10
 1.2363324e-10 1.2719703e-10 1.5971599e-10 1.2719703e-10 1.2363324e-10
 1.2719703e-10 2.0119377e-09 1.2719703e-10 1.2719703e-10 3.9147201e-09
 1.2719703e-10 1.2719703e-10 1.2719703e-10 1.2719703e-10 1.2719703e-10
 1.2719703e-10 1.2719703e-10 1.2540595e-08]

3
2 a 0 1 0 e 3 5 8 a 3 f 6 e 8 0 0 2 1 1 3 2 f f f e 3 5 3 7 f 8 2
[5, 13, 3, 4, 3, 17, 6, 8, 11, 13, 6, 18, 9, 17, 11, 3, 3, 5, 4, 4, 6, 5, 18, 18, 18, 17, 6, 8, 6, 10, 18, 11, 5]
[4.4501901e-21 5.3088752e-20 8.0940831e-20 5.4572498e-21 6.7148115e-21
 4.1202848e-21 7.5934994e-21 2.8481293e-21 2.9598748e-21 5.6497724e-21
 3.9052469e-21 1.7915850e-21 8.9634198e-22 4.2039096e-21 2.3276014e-21
 2.2227839e-21 2.2350000e-21 1.9909490e-21 2.6736212e-21 2.3230962e-21
 3.2348921e-21 4.9216099e-21 1.5291511e-21 1.5998976e-21 2.8974531e-21
 2.0894372e-21 4.0572131e-21 3.7800801e-21 6.0383995e-21 2.5630811e-21
 3.6118664e-21 4.2531224e-21 3.6687504e-21]

[ 5  3  3  4  7 14 12 11  3 16 15  3  3  3  7  6  3  5  4  9  6 17 18 18
 18 17 18  6  4 18  6 17]
[2.9620278e-19 5.4498226e-20 2.3097157e-19 1.3947286e-20 1.0389265e-20
 6.9484063e-20 2.4168604e-20 8.5280382e-21 3.3382334e-20 3.2257491e-20
 3.1112370e-20 6.2137491e-20 2.9616106e-20 6.0991122e-20 3.4465191e-20
 1.8280562e-20 1.1346610e-20 1.5519025e-20 2.3971843e-20 1.8340803e-20
 3.4562340e-20 1.1756943e-20 1.3986435e-20 1.8929263e-20 1.2870573e-20
 2.3014850e-20 1.3565347e-20 1.7015530e-20 2.5557887e-20 2.6603784e-20
 2.7407201e-20 3.0495684e-20 1.8667141e-11]

4
2 0 0 1 4 1 d 0 0 0 0 a 0 2 5 d 0 0 0 0 0 0 0 0 0 0 0 0 0 0 0 1 a
[5, 3, 3, 4, 7, 4, 16, 3, 3, 3, 3, 13, 3, 5, 8, 16, 3, 3, 3, 3, 3, 3, 3, 3, 3, 3, 3, 3, 3, 3, 3, 4, 13]
[7.5921296e-09 7.9380932e-11 2.4567878e-12 8.2108903e-12 3.0623008e-11
 1.3348680e-11 2.0613426e-12 2.0261398e-11 5.8850820e-11 1.7372695e-12
 6.3422475e-12 6.5974268e-11 1.8476437e-10 3.0813130e-11 1.7510710e-11
 1.6926589e-11 1.7194204e-11 2.8915825e-11 2.0932393e-11 2.4480775e-11
 2.3816289e-11 2.0704449e-11 1.9130685e-11 2.4080859e-11 2.3003099e-11
 1.6479268e-11 3.0050393e-11 2.2114898e-11 1.5792241e-11 1.8879738e-11
 2.1724051e-11 1.5760658e-11 2.7297546e-11]

[ 5  9  3  3 12  3  3  3  8  6  3  4  3  9  3  3  3  3  3  3  3  3  3  3
  3  3  3  3  3  3  3  4]
[5.0864686e-09 9.5155619e-11 1.4536992e-12 2.0351771e-09 5.4180743e-11
 2.5719437e-11 2.1584328e-11 1.6493605e-11 4.9213685e-11 5.9620309e-11
 2.1691361e-11 5.2541764e-12 2.4450834e-11 2.0527739e-11 2.0237943e-11
 1.9531658e-11 1.9209388e-11 1.7081366e-11 1.6931465e-11 1.8211882e-11
 2.6212367e-11 1.8192538e-11 1.7851198e-11 2.2527967e-11 1.9081970e-11
 2.6665727e-11 2.2343245e-11 1.9148041e-11 1.9135728e-11 1.8290440e-11
 1.8079371e-11 2.2953832e-11 7.5253112e-08]

5
2 0 0 1 0 8 d 8 0 0 f e 0 0 5 3 0 0 0 0 d 9 a 0 5 2 c 4 0 1 0 0 0
[5, 3, 3, 4, 3, 11, 16, 11, 3, 3, 18, 17, 3, 3, 8, 6, 3, 3, 3, 3, 16, 12, 13, 3, 8, 5, 15, 7, 3, 4, 3, 3, 3]
[1.75131814e-13 1.34429406e-14 4.37297124e-14 6.14584338e-13
 3.24988648e-15 1.28101848e-16 1.41612672e-16 1.67312658e-16
 1.28435209e-16 1.68898859e-16 1.66786187e-16 1.44150899e-16
 1.88014130e-16 1.17730605e-16 9.83619988e-17 1.26672891e-16
 1.62723883e-16 1.96828381e-16 2.14285135e-16 1.07886084e-16
 9.98212314e-17 1.14273241e-16 1.01129911e-16 1.03531620e-16
 9.13247895e-17 3.74079561e-17 2.76820442e-17 2.76820442e-17
 2.76927777e-17 2.76820442e-17 2.76820442e-17 2.76820442e-17
 2.76820442e-17]

[ 5 13  3  6  5 11 11  3 18 18 18 18  3  3  3 14 18 13 15 17 14  3  3 15
  3  3  3  3  3  3 12 12]
[1.7455228e-13 1.1193940e-12 2.8943381e-13 4.5006431e-15 2.3658920e-15
 1.6789669e-14 4.9028842e-15 1.4389436e-14 6.6396240e-15 1.6566105e-17
 1.3324946e-17 2.7008706e-17 2.4887285e-17 3.2768111e-17 2.2967952e-17
 2.2866513e-17 2.3871892e-17 2.4104812e-17 2.3241917e-17 2.3960362e-17
 2.3740871e-17 2.2585664e-17 2.5155368e-17 2.3674207e-17 2.3723699e-17
 2.4572140e-17 2.4104812e-17 2.3392075e-17 2.2252917e-17 2.3902123e-17
 2.2916005e-17 2.0377839e-17 1.4138433e-07]

